[1] "Clinical"
<TaskSurv:Clinical> (259 x 8)
* Target: time, status
* Properties: -
* Features (6):
  - fct (4): gender, pathologic_stage, radiation_therapy,
    residual_tumor
  - int (2): age, number_pack_years_smoked
[1] "Missing features:"
                    time                   status                      age 
                       0                        0                       13 
                  gender number_pack_years_smoked         pathologic_stage 
                       0                       83                        3 
       radiation_therapy           residual_tumor 
                      17                       79 
[1] "Clinical variables:"
[1] "age, gender, number_pack_years_smoked, pathologic_stage, radiation_therapy, residual_tumor"
0.398 sec elapsed
[1] TRUE
[1] "#features remained: 7"
[1] "Number of events: 105"
[1] "Censoring rate: 59%"
[1] "mRNA"
82.674 sec elapsed
[1] "#features removed (NAs): 0"
[1] "#features removed (zeros): 3913"
[1] "#features after variance filtering: 10000"
[1] "#features imputed: 0"
[1] "#features removed (pair-wise correlation): 82"
[1] "#features remained: 9918"
[1] "CNA"
787.07 sec elapsed
[1] "#features removed (NAs): 987"
[1] "#features after variance filtering: 10000"
[1] "#features imputed: 259"
[1] "#features remained: 10000"
[1] "miRNA"
0.375 sec elapsed
[1] "#features removed (NAs): 0"
[1] "#features removed (zeros): 654"
[1] "#features after variance filtering: 392"
[1] "#features imputed: 0"
[1] "#features removed (pair-wise correlation): 47"
[1] "#features remained: 345"
[1] "Methylation"
3016.606 sec elapsed
[1] "#features removed (NAs): 55047"
[1] "#features after variance filtering: 10000"
[1] "#features imputed: 714"
[1] "#features removed (pair-wise correlation): 1098"
[1] "#features remained: 8902"
