[1] "Clinical"
<TaskSurv:Clinical> (221 x 3)
* Target: time, status
* Properties: -
* Features (1):
  - int (1): age
[1] "Missing features:"
  time status    age 
     0      0      5 
[1] "Clinical variables:"
[1] "age"
0.304 sec elapsed
[1] TRUE
[1] "#features remained: 1"
[1] "Number of events: 139"
[1] "Censoring rate: 37%"
[1] "mRNA"
74.713 sec elapsed
[1] "#features removed (NAs): 0"
[1] "#features removed (zeros): 3657"
[1] "#features after variance filtering: 10000"
[1] "#features imputed: 0"
[1] "#features removed (pair-wise correlation): 78"
[1] "#features remained: 9922"
[1] "CNA"
1618.692 sec elapsed
[1] "#features removed (NAs): 985"
[1] "#features after variance filtering: 10000"
[1] "#features imputed: 415"
[1] "#features remained: 10000"
[1] "miRNA"
0.295 sec elapsed
[1] "#features removed (NAs): 0"
[1] "#features removed (zeros): 376"
[1] "#features after variance filtering: 329"
[1] "#features imputed: 0"
[1] "#features removed (pair-wise correlation): 47"
[1] "#features remained: 282"
[1] "RPPA"
37.794 sec elapsed
[1] "#features removed (NAs): 4"
[1] "#features imputed: 7"
[1] "#features removed (pair-wise correlation): 0"
[1] "#features remained: 204"
[1] "Methylation"
3450.471 sec elapsed
[1] "#features removed (NAs): 2455"
[1] "#features after variance filtering: 10000"
[1] "#features imputed: 842"
[1] "#features removed (pair-wise correlation): 174"
[1] "#features remained: 9826"
